<?xml version="1.0" encoding="utf-8"?><testsuites><testsuite name="pytest" errors="0" failures="0" skipped="0" tests="8" time="5.906" timestamp="2023-07-20T12:53:12.582006" hostname="DESKTOP-MVR8U7I"><testcase classname="Tests.test_auth.TestApi" name="test_positive_auth" time="0.325" /><testcase classname="Tests.test_auth.TestApi" name="test_negative_auth[no_cookie]" time="0.232" /><testcase classname="Tests.test_auth.TestApi" name="test_negative_auth[no_token]" time="0.210" /><testcase classname="Tests.test_user_get.TestUserGet" name="test_user_get_info_not_auth" time="0.746" /><testcase classname="Tests.test_user_get.TestUserGet" name="test_user_get_info_auth_as_same_user" time="0.743" /><testcase classname="Tests.test_user_register.TestUserRegister" name="test_create_user_successfully" time="0.607" /><testcase classname="Tests.test_user_register.TestUserRegister" name="test_create_user_with_existing_email" time="0.610" /><testcase classname="Tests.test_user_update.TestUserEdit" name="test_edit_just_created_user" time="2.024" /></testsuite></testsuites>